<?xml version="1.0" encoding="UTF-8"?>
<!-- Generated by org.testng.reporters.JUnitReportReporter -->
<testsuite hostname="DESKTOP-NABULGQ" failures="0" tests="3" name="com.extentreport.example.ExtentReportExample" time="4.598" errors="0" timestamp="2023-05-26T17:18:19 IST" skipped="0">
  <testcase classname="com.extentreport.example.ExtentReportExample" name="openGoogle" time="2.919"/>
  <system-out/>
  <testcase classname="com.extentreport.example.ExtentReportExample" name="openBing" time="0.952"/>
  <system-out/>
  <testcase classname="com.extentreport.example.ExtentReportExample" name="openWikipedia" time="0.727"/>
  <system-out/>
</testsuite> <!-- com.extentreport.example.ExtentReportExample -->
